<?xml version="1.0" encoding="UTF-8"?>
<!-- Generated by org.testng.reporters.JUnitReportReporter -->
<testsuite hostname="PF25X3PS" failures="0" tests="1" name="SpaceXAPI.TestApi.GetLatestLaunchesTest" time="2.684" errors="0" timestamp="2022-01-13T01:54:06 IST" skipped="0">
  <testcase classname="SpaceXAPI.TestApi.GetLatestLaunchesTest" name="GetLatestLaunches" time="2.684"/>
  <system-out/>
</testsuite> <!-- SpaceXAPI.TestApi.GetLatestLaunchesTest -->
